2022-05-25 07:56:00:560 [31merror[39m: [31mError during Data Source initialization: Data type "enum" in "User.role" is not supported by "mssql" database.[39m
2022-05-25 07:56:24:5624 [31merror[39m: [31mError during Data Source initialization: Data type "enum" in "User.role" is not supported by "mssql" database.[39m
2022-05-25 07:57:08:578 [32minfo[39m: [32mData Source has been initialized![39m
2022-05-25 10:24:27:2427 [32minfo[39m: [32mData Source has been initialized![39m
2022-05-25 10:24:55:2455 [32minfo[39m: [32mData Source has been initialized![39m
2022-05-25 10:25:30:2530 [32minfo[39m: [32mData Source has been initialized![39m
2022-05-25 10:25:43:2543 [31merror[39m: [31mError during Data Source initialization: Data type "Object" in "User.Following" is not supported by "mssql" database.[39m
2022-05-25 10:28:24:2824 [32minfo[39m: [32mData Source has been initialized![39m
2022-05-25 10:29:20:2920 [32minfo[39m: [32mData Source has been initialized![39m
2022-05-25 10:47:57:4757 [32minfo[39m: [32mData Source has been initialized![39m
2022-05-25 10:48:26:4826 [32minfo[39m: [32mData Source has been initialized![39m
2022-05-25 10:48:30:4830 [32minfo[39m: [32mData Source has been initialized![39m
2022-05-25 10:48:44:4844 [32minfo[39m: [32mData Source has been initialized![39m
2022-05-25 10:49:22:4922 [32minfo[39m: [32mData Source has been initialized![39m
2022-05-25 10:49:37:4937 [32minfo[39m: [32mData Source has been initialized![39m
2022-05-25 10:50:18:5018 [32minfo[39m: [32mData Source has been initialized![39m
2022-05-25 10:51:09:519 [32minfo[39m: [32mData Source has been initialized![39m
2022-05-25 10:51:56:5156 [32minfo[39m: [32mData Source has been initialized![39m
2022-05-25 10:55:45:5545 [32minfo[39m: [32mData Source has been initialized![39m
2022-05-25 10:56:09:569 [32minfo[39m: [32mData Source has been initialized![39m
2022-05-25 10:56:16:5616 [32minfo[39m: [32mData Source has been initialized![39m
2022-05-25 10:56:47:5647 [32minfo[39m: [32mData Source has been initialized![39m
2022-05-25 10:57:12:5712 [32minfo[39m: [32mData Source has been initialized![39m
2022-05-25 11:02:13:213 [32minfo[39m: [32mData Source has been initialized![39m
2022-05-25 11:05:04:54 [32minfo[39m: [32mData Source has been initialized![39m
2022-05-25 11:05:28:528 [32minfo[39m: [32mData Source has been initialized![39m
2022-05-25 11:05:32:532 [32minfo[39m: [32mData Source has been initialized![39m
2022-05-25 11:06:14:614 [32minfo[39m: [32mData Source has been initialized![39m
2022-05-25 11:06:28:628 [32minfo[39m: [32mData Source has been initialized![39m
2022-05-25 11:08:00:80 [32minfo[39m: [32mData Source has been initialized![39m
2022-05-25 11:08:36:836 [32minfo[39m: [32mData Source has been initialized![39m
2022-05-25 11:08:44:844 [32minfo[39m: [32mData Source has been initialized![39m
2022-05-25 11:09:00:90 [32minfo[39m: [32mData Source has been initialized![39m
2022-05-25 11:09:20:920 [32minfo[39m: [32mData Source has been initialized![39m
2022-05-25 11:09:52:952 [32minfo[39m: [32mData Source has been initialized![39m
2022-05-25 11:10:02:102 [32minfo[39m: [32mData Source has been initialized![39m
2022-05-25 11:10:17:1017 [32minfo[39m: [32mData Source has been initialized![39m
2022-05-25 11:11:56:1156 [32minfo[39m: [32mData Source has been initialized![39m
2022-05-25 11:12:15:1215 [32minfo[39m: [32mData Source has been initialized![39m
2022-05-25 11:12:23:1223 [32minfo[39m: [32mData Source has been initialized![39m
2022-05-25 11:19:32:1932 [32minfo[39m: [32mData Source has been initialized![39m
2022-05-25 11:20:08:208 [32minfo[39m: [32mData Source has been initialized![39m
2022-05-25 11:20:25:2025 [32minfo[39m: [32mData Source has been initialized![39m
2022-05-25 11:21:21:2121 [32minfo[39m: [32mData Source has been initialized![39m
2022-05-25 11:21:57:2157 [32minfo[39m: [32mData Source has been initialized![39m
2022-05-25 11:22:16:2216 [32minfo[39m: [32mData Source has been initialized![39m
2022-05-25 11:22:26:2226 [32minfo[39m: [32mData Source has been initialized![39m
2022-05-25 11:24:22:2422 [32minfo[39m: [32mData Source has been initialized![39m
2022-05-25 11:26:08:268 [32minfo[39m: [32mData Source has been initialized![39m
2022-05-25 11:26:31:2631 [32minfo[39m: [32mData Source has been initialized![39m
2022-05-25 11:26:49:2649 [32minfo[39m: [32mData Source has been initialized![39m
2022-05-25 11:27:46:2746 [32minfo[39m: [32mData Source has been initialized![39m
2022-05-25 11:28:15:2815 [32minfo[39m: [32mData Source has been initialized![39m
2022-05-25 11:34:45:3445 [32minfo[39m: [32mData Source has been initialized![39m
2022-05-25 11:35:12:3512 [32minfo[39m: [32mData Source has been initialized![39m
2022-05-25 11:35:27:3527 [32minfo[39m: [32mData Source has been initialized![39m
2022-05-25 11:37:08:378 [32minfo[39m: [32mData Source has been initialized![39m
2022-05-25 11:37:35:3735 [32minfo[39m: [32mData Source has been initialized![39m
2022-05-25 11:39:26:3926 [32minfo[39m: [32mData Source has been initialized![39m
2022-05-25 11:44:29:4429 [32minfo[39m: [32mData Source has been initialized![39m
2022-05-25 11:46:05:465 [32minfo[39m: [32mData Source has been initialized![39m
2022-05-25 11:47:39:4739 [32minfo[39m: [32mData Source has been initialized![39m
2022-05-25 11:48:39:4839 [32minfo[39m: [32mData Source has been initialized![39m
2022-05-25 11:49:43:4943 [32minfo[39m: [32mData Source has been initialized![39m
2022-05-25 11:59:19:5919 [32minfo[39m: [32mData Source has been initialized![39m
2022-05-25 11:59:24:5924 [32minfo[39m: [32mData Source has been initialized![39m
2022-05-25 12:00:20:020 [32minfo[39m: [32mData Source has been initialized![39m
2022-05-25 12:01:20:120 [32minfo[39m: [32mData Source has been initialized![39m
2022-05-25 12:01:48:148 [32minfo[39m: [32mData Source has been initialized![39m
2022-05-25 12:02:04:24 [32minfo[39m: [32mData Source has been initialized![39m
2022-05-25 12:02:42:242 [32minfo[39m: [32mData Source has been initialized![39m
2022-05-25 12:03:00:30 [32minfo[39m: [32mData Source has been initialized![39m
2022-05-25 12:31:46:3146 [32minfo[39m: [32mData Source has been initialized![39m
2022-05-25 14:09:57:957 [31merror[39m: [31mError during Data Source initialization: Failed to connect to semester6databases.database.windows.net:1433 in 15000ms[39m
2022-05-25 14:10:30:1030 [31merror[39m: [31mError during Data Source initialization: Failed to connect to semester6databases.database.windows.net:1433 in 15000ms[39m
2022-05-25 14:11:30:1130 [32minfo[39m: [32mData Source has been initialized![39m
2022-05-25 14:11:56:1156 [32minfo[39m: [32mData Source has been initialized![39m
2022-05-25 14:12:07:127 [32minfo[39m: [32mData Source has been initialized![39m
2022-05-25 14:14:01:141 [32minfo[39m: [32mData Source has been initialized![39m
2022-05-25 14:15:08:158 [32minfo[39m: [32mData Source has been initialized![39m
2022-05-25 14:15:32:1532 [32minfo[39m: [32mData Source has been initialized![39m
2022-05-25 14:15:49:1549 [32minfo[39m: [32mData Source has been initialized![39m
2022-05-25 14:16:15:1615 [32minfo[39m: [32mData Source has been initialized![39m
2022-05-25 14:16:50:1650 [32minfo[39m: [32mData Source has been initialized![39m
2022-05-25 14:17:11:1711 [32minfo[39m: [32mData Source has been initialized![39m
2022-05-25 14:17:27:1727 [32minfo[39m: [32mData Source has been initialized![39m
2022-05-25 14:17:33:1733 [32minfo[39m: [32mData Source has been initialized![39m
2022-05-25 14:17:50:1750 [32minfo[39m: [32mData Source has been initialized![39m
2022-05-25 14:21:29:2129 [32minfo[39m: [32mData Source has been initialized![39m
2022-05-25 14:21:43:2143 [32minfo[39m: [32mData Source has been initialized![39m
2022-05-25 14:23:13:2313 [32minfo[39m: [32mData Source has been initialized![39m
2022-05-25 14:27:02:272 [32minfo[39m: [32mData Source has been initialized![39m
2022-05-25 14:27:29:2729 [32minfo[39m: [32mData Source has been initialized![39m
2022-05-25 14:31:30:3130 [32minfo[39m: [32mData Source has been initialized![39m
2022-05-25 14:31:42:3142 [32minfo[39m: [32mData Source has been initialized![39m
2022-05-25 14:31:54:3154 [32minfo[39m: [32mData Source has been initialized![39m
2022-05-25 14:32:05:325 [32minfo[39m: [32mData Source has been initialized![39m
2022-05-25 14:32:48:3248 [32minfo[39m: [32mData Source has been initialized![39m
2022-05-25 14:33:34:3334 [32minfo[39m: [32mData Source has been initialized![39m
2022-05-25 14:33:42:3342 [32minfo[39m: [32mData Source has been initialized![39m
2022-05-25 14:33:54:3354 [32minfo[39m: [32mData Source has been initialized![39m
2022-05-25 14:34:16:3416 [32minfo[39m: [32mData Source has been initialized![39m
2022-05-25 14:35:45:3545 [32minfo[39m: [32mData Source has been initialized![39m
2022-05-25 14:36:32:3632 [32minfo[39m: [32mData Source has been initialized![39m
2022-05-25 14:37:02:372 [32minfo[39m: [32mData Source has been initialized![39m
2022-05-25 14:37:15:3715 [32minfo[39m: [32mData Source has been initialized![39m
2022-05-25 14:37:45:3745 [32minfo[39m: [32mData Source has been initialized![39m
2022-05-25 14:39:08:398 [32minfo[39m: [32mData Source has been initialized![39m
2022-05-25 14:39:30:3930 [32minfo[39m: [32mData Source has been initialized![39m
2022-05-25 14:40:40:4040 [31merror[39m: [31mError during Data Source initialization: Relation User#following and User#follows both has cascade remove set. This may lead to unexpected circular removals. Please set cascade remove only from one side of relationship.[39m
2022-05-25 14:41:25:4125 [31merror[39m: [31mError during Data Source initialization: Relation User#following and User#follows both has cascade remove set. This may lead to unexpected circular removals. Please set cascade remove only from one side of relationship.[39m
2022-05-25 14:41:36:4136 [32minfo[39m: [32mData Source has been initialized![39m
2022-05-25 15:01:18:118 [32minfo[39m: [32mData Source has been initialized![39m
2022-05-25 15:07:07:77 [32minfo[39m: [32mData Source has been initialized![39m
2022-05-25 15:07:33:733 [32minfo[39m: [32mData Source has been initialized![39m
2022-05-25 15:07:40:740 [32minfo[39m: [32mData Source has been initialized![39m
2022-05-25 15:08:31:831 [32minfo[39m: [32mData Source has been initialized![39m
2022-05-25 15:09:09:99 [32minfo[39m: [32mData Source has been initialized![39m
2022-05-25 15:10:13:1013 [32minfo[39m: [32mData Source has been initialized![39m
2022-05-25 15:10:39:1039 [32minfo[39m: [32mData Source has been initialized![39m
2022-05-25 15:10:46:1046 [32minfo[39m: [32mData Source has been initialized![39m
2022-05-25 15:11:09:119 [32minfo[39m: [32mData Source has been initialized![39m
2022-05-25 15:11:30:1130 [32minfo[39m: [32mData Source has been initialized![39m
2022-05-25 15:11:39:1139 [32minfo[39m: [32mData Source has been initialized![39m
2022-05-25 15:11:48:1148 [32minfo[39m: [32mData Source has been initialized![39m
2022-05-25 15:12:29:1229 [32minfo[39m: [32mData Source has been initialized![39m
2022-05-25 15:12:36:1236 [32minfo[39m: [32mData Source has been initialized![39m
2022-05-25 15:20:13:2013 [32minfo[39m: [32mData Source has been initialized![39m
2022-05-25 15:20:32:2032 [32minfo[39m: [32mData Source has been initialized![39m
2022-05-25 15:20:53:2053 [32minfo[39m: [32mData Source has been initialized![39m
2022-05-25 15:21:01:211 [32minfo[39m: [32mData Source has been initialized![39m
2022-05-25 15:22:02:222 [32minfo[39m: [32mData Source has been initialized![39m
2022-05-25 15:35:09:359 [32minfo[39m: [32mData Source has been initialized![39m
2022-05-25 15:35:34:3534 [32minfo[39m: [32mData Source has been initialized![39m
2022-05-25 15:35:55:3555 [32minfo[39m: [32mData Source has been initialized![39m
2022-05-25 15:36:25:3625 [32minfo[39m: [32mData Source has been initialized![39m
2022-05-25 15:37:21:3721 [32minfo[39m: [32mData Source has been initialized![39m
2022-05-25 15:37:32:3732 [32minfo[39m: [32mData Source has been initialized![39m
2022-05-25 15:38:03:383 [32minfo[39m: [32mData Source has been initialized![39m
2022-05-25 15:40:19:4019 [32minfo[39m: [32mData Source has been initialized![39m
2022-05-25 15:40:56:4056 [32minfo[39m: [32mData Source has been initialized![39m
2022-05-25 15:43:59:4359 [32minfo[39m: [32mData Source has been initialized![39m
